<?xml version="1.0" encoding="UTF-8"?>
<!-- Generated by org.testng.reporters.JUnitReportReporter -->
<testsuite hostname="AFSANAs-MacBook-Pro.local" name="Tescases.VerifyHomePage" tests="1" failures="0" timestamp="8 Jan 2017 01:54:45 GMT" time="60.216" errors="0">
  <testcase name="HomepageTest" time="60.216" classname="Tescases.VerifyHomePage"/>
</testsuite> <!-- Tescases.VerifyHomePage -->
