<?xml version="1.0" encoding="UTF-8"?>
<!-- Generated by org.testng.reporters.JUnitReportReporter -->
<testsuite hostname="AFSANAs-MacBook-Pro.local" name="Tescases.VerifyHomePageWithScreenshot" tests="1" failures="0" timestamp="4 Jan 2017 00:32:17 GMT" time="42.319" errors="0">
  <testcase name="HomepageTest" time="42.319" classname="Tescases.VerifyHomePageWithScreenshot"/>
</testsuite> <!-- Tescases.VerifyHomePageWithScreenshot -->
